# JRE version: Java(TM) SE Runtime Environment (8.0_66-b18) (build 1.8.0_66-b18)
# Java VM: Java HotSpot(TM) Client VM (25.66-b18 mixed mode windows-x86 )
Heap:
 def new generation   total 4928K, used 2651K [0x03e00000, 0x04350000, 0x19350000)
  eden space 4416K,  48% used [0x03e00000, 0x04016d40, 0x04250000)
  from space 512K, 100% used [0x04250000, 0x042d0000, 0x042d0000)
  to   space 512K,   0% used [0x042d0000, 0x042d0000, 0x04350000)
 tenured generation   total 10944K, used 2535K [0x19350000, 0x19e00000, 0x43e00000)
   the space 10944K,  23% used [0x19350000, 0x195c9dd0, 0x195c9e00, 0x19e00000)
 Metaspace       used 3403K, capacity 3462K, committed 3520K, reserved 4480K
GC Heap History (4 events):
Event: 1.566 GC heap before
{Heap before GC invocations=0 (full 0):
 def new generation   total 4928K, used 4416K [0x03e00000, 0x04350000, 0x19350000)
  eden space 4416K, 100% used [0x03e00000, 0x04250000, 0x04250000)
  from space 512K,   0% used [0x04250000, 0x04250000, 0x042d0000)
  to   space 512K,   0% used [0x042d0000, 0x042d0000, 0x04350000)
 tenured generation   total 10944K, used 0K [0x19350000, 0x19e00000, 0x43e00000)
   the space 10944K,   0% used [0x19350000, 0x19350000, 0x19350200, 0x19e00000)
 Metaspace       used 2740K, capacity 2854K, committed 2880K, reserved 4480K
Event: 1.571 GC heap after
Heap after GC invocations=1 (full 0):
 def new generation   total 4928K, used 512K [0x03e00000, 0x04350000, 0x19350000)
  eden space 4416K,   0% used [0x03e00000, 0x03e00000, 0x04250000)
  from space 512K, 100% used [0x042d0000, 0x04350000, 0x04350000)
  to   space 512K,   0% used [0x04250000, 0x04250000, 0x042d0000)
 tenured generation   total 10944K, used 1200K [0x19350000, 0x19e00000, 0x43e00000)
   the space 10944K,  10% used [0x19350000, 0x1947c0f0, 0x1947c200, 0x19e00000)
 Metaspace       used 2740K, capacity 2854K, committed 2880K, reserved 4480K
}
Event: 1.750 GC heap before
{Heap before GC invocations=1 (full 0):
 def new generation   total 4928K, used 4928K [0x03e00000, 0x04350000, 0x19350000)
  eden space 4416K, 100% used [0x03e00000, 0x04250000, 0x04250000)
  from space 512K, 100% used [0x042d0000, 0x04350000, 0x04350000)
  to   space 512K,   0% used [0x04250000, 0x04250000, 0x042d0000)
 tenured generation   total 10944K, used 1200K [0x19350000, 0x19e00000, 0x43e00000)
   the space 10944K,  10% used [0x19350000, 0x1947c0f0, 0x1947c200, 0x19e00000)
 Metaspace       used 3377K, capacity 3462K, committed 3520K, reserved 4480K
Event: 1.755 GC heap after
Heap after GC invocations=2 (full 0):
 def new generation   total 4928K, used 512K [0x03e00000, 0x04350000, 0x19350000)
  eden space 4416K,   0% used [0x03e00000, 0x03e00000, 0x04250000)
  from space 512K, 100% used [0x04250000, 0x042d0000, 0x042d0000)
  to   space 512K,   0% used [0x042d0000, 0x042d0000, 0x04350000)
 tenured generation   total 10944K, used 2535K [0x19350000, 0x19e00000, 0x43e00000)
   the space 10944K,  23% used [0x19350000, 0x195c9dd0, 0x195c9e00, 0x19e00000)
 Metaspace       used 3377K, capacity 3462K, committed 3520K, reserved 4480K
}

